This is pdfTeX, Version 3.141592653-2.6-1.40.22 (TeX Live 2022/dev/Debian) (preloaded format=pdflatex 2022.12.4)  12 JAN 2023 17:53
entering extended mode
 restricted \write18 enabled.
 %&-line parsing enabled.
**paper.tex
(./paper.tex
LaTeX2e <2021-11-15> patch level 1
L3 programming layer <2022-01-21> (./egpubl.cls
Document Class: egpubl 2018/12/14 Document Style for EG Publications v3.74
\c@table=\count185
\c@figure=\count186
\c@part=\count187
\c@section=\count188
\c@subsection=\count189
\c@subsubsection=\count190
\c@paragraph=\count191
\c@subparagraph=\count192
\titlespace=\skip47
\teaserspace=\skip48
(/usr/share/texlive/texmf-dist/tex/latex/comment/comment.sty
\CommentStream=\write3

Excluding comment 'comment') Excluding comment 'CCSXML'
\c@p@volume=\count193
\every@verbatim=\toks16
\verbatim@line=\toks17

(/usr/share/texlive/texmf-dist/tex/generic/iftex/ifpdf.sty
Package: ifpdf 2019/10/25 v3.4 ifpdf legacy package. Use iftex instead.

(/usr/share/texlive/texmf-dist/tex/generic/iftex/iftex.sty
Package: iftex 2020/03/06 v1.0d TeX engine tests
)) (./paper.lbl)
\openout9 = `paper.lbl'.

)
(/usr/share/texlive/texmf-dist/tex/latex/base/fontenc.sty
Package: fontenc 2021/04/29 v2.0v Standard LaTeX package
) (./dfadobe.sty
Package: dfadobe 2000/03/05 v1.4 T1-encoded Times (except symbols), Courier, He
lvetica (at 90\%) + math package

(/usr/share/texlive/texmf-dist/tex/latex/base/t1enc.sty
Package: t1enc 1994/06/01 Standard LaTeX package
)
LaTeX Font Info:    Redeclaring symbol font `operators' on input line 14.
LaTeX Font Info:    Overwriting symbol font `operators' in version `normal'
(Font)                  OT1/cmr/m/n --> OT1/ptmcm/m/n on input line 14.
LaTeX Font Info:    Overwriting symbol font `operators' in version `bold'
(Font)                  OT1/cmr/bx/n --> OT1/ptmcm/m/n on input line 14.
LaTeX Font Info:    Redeclaring symbol font `letters' on input line 15.
LaTeX Font Info:    Overwriting symbol font `letters' in version `normal'
(Font)                  OML/cmm/m/it --> OML/ptmcm/m/it on input line 15.
LaTeX Font Info:    Overwriting symbol font `letters' in version `bold'
(Font)                  OML/cmm/b/it --> OML/ptmcm/m/it on input line 15.
LaTeX Font Info:    Redeclaring symbol font `largesymbols' on input line 16.
LaTeX Font Info:    Overwriting symbol font `largesymbols' in version `normal'
(Font)                  OMX/cmex/m/n --> OMX/psycm/m/n on input line 16.
LaTeX Font Info:    Overwriting symbol font `largesymbols' in version `bold'
(Font)                  OMX/cmex/m/n --> OMX/psycm/m/n on input line 16.
\symbold=\mathgroup4
\symitalic=\mathgroup5
LaTeX Font Info:    Redeclaring math alphabet \mathbf on input line 19.
LaTeX Font Info:    Overwriting math alphabet `\mathbf' in version `normal'
(Font)                  OT1/cmr/bx/n --> OT1/ptm/bx/n on input line 19.
LaTeX Font Info:    Overwriting math alphabet `\mathbf' in version `bold'
(Font)                  OT1/cmr/bx/n --> OT1/ptm/bx/n on input line 19.
LaTeX Font Info:    Redeclaring math alphabet \mathit on input line 20.
LaTeX Font Info:    Overwriting math alphabet `\mathit' in version `normal'
(Font)                  OT1/cmr/m/it --> OT1/ptm/m/it on input line 20.
LaTeX Font Info:    Overwriting math alphabet `\mathit' in version `bold'
(Font)                  OT1/cmr/bx/it --> OT1/ptm/m/it on input line 20.
 (./dfT1ptm.fd
File: dfT1ptm.fd 2000/03/05 DF - Fontinst v1.6 font definitions for T1/ptm.


LaTeX Info: Font shape T1/ptm/mc/n has incorrect series value `mc'.
            It should not contain an `m'! Please correct it.
            Found on input line 59.


LaTeX Info: Font shape T1/ptm/mc/sl has incorrect series value `mc'.
            It should not contain an `m'! Please correct it.
            Found on input line 60.


LaTeX Info: Font shape T1/ptm/mc/it has incorrect series value `mc'.
            It should not contain an `m'! Please correct it.
            Found on input line 61.

) (./dfT1phv.fd
File: dfT1phv.fd 1997/12/02 Fontinst v1.6 font definitions for T1/phv scaled to
 90\%.


LaTeX Info: Font shape T1/phv/mc/n has incorrect series value `mc'.
            It should not contain an `m'! Please correct it.
            Found on input line 65.


LaTeX Info: Font shape T1/phv/mc/sc has incorrect series value `mc'.
            It should not contain an `m'! Please correct it.
            Found on input line 69.


LaTeX Info: Font shape T1/phv/mc/sl has incorrect series value `mc'.
            It should not contain an `m'! Please correct it.
            Found on input line 73.


LaTeX Info: Font shape T1/phv/mc/it has incorrect series value `mc'.
            It should not contain an `m'! Please correct it.
            Found on input line 83.

) (./dfT1pcr.fd
File: dfT1pcr.fd 2000/03/05 DF - Fontinst v1.6 font definitions for T1/pcr.


LaTeX Info: Font shape T1/pcr/mc/n has incorrect series value `mc'.
            It should not contain an `m'! Please correct it.
            Found on input line 43.


LaTeX Info: Font shape T1/pcr/mc/sl has incorrect series value `mc'.
            It should not contain an `m'! Please correct it.
            Found on input line 59.


LaTeX Info: Font shape T1/pcr/mc/it has incorrect series value `mc'.
            It should not contain an `m'! Please correct it.
            Found on input line 60.

)) (/usr/share/texlive/texmf-dist/tex/latex/cite/cite.sty
LaTeX Info: Redefining \cite on input line 302.
LaTeX Info: Redefining \nocite on input line 332.
Package: cite 2015/02/27  v 5.5
)
(/usr/share/texlive/texmf-dist/tex/latex/hyperref/hyperref.sty
Package: hyperref 2021-06-07 v7.00m Hypertext links for LaTeX

(/usr/share/texlive/texmf-dist/tex/generic/ltxcmds/ltxcmds.sty
Package: ltxcmds 2020-05-10 v1.25 LaTeX kernel commands for general use (HO)
)
(/usr/share/texlive/texmf-dist/tex/generic/pdftexcmds/pdftexcmds.sty
Package: pdftexcmds 2020-06-27 v0.33 Utility functions of pdfTeX for LuaTeX (HO
)

(/usr/share/texlive/texmf-dist/tex/generic/infwarerr/infwarerr.sty
Package: infwarerr 2019/12/03 v1.5 Providing info/warning/error messages (HO)
)
Package pdftexcmds Info: \pdf@primitive is available.
Package pdftexcmds Info: \pdf@ifprimitive is available.
Package pdftexcmds Info: \pdfdraftmode found.
)
(/usr/share/texlive/texmf-dist/tex/latex/graphics/keyval.sty
Package: keyval 2014/10/28 v1.15 key=value parser (DPC)
\KV@toks@=\toks18
)
(/usr/share/texlive/texmf-dist/tex/generic/kvsetkeys/kvsetkeys.sty
Package: kvsetkeys 2019/12/15 v1.18 Key value parser (HO)
)
(/usr/share/texlive/texmf-dist/tex/generic/kvdefinekeys/kvdefinekeys.sty
Package: kvdefinekeys 2019-12-19 v1.6 Define keys (HO)
)
(/usr/share/texlive/texmf-dist/tex/generic/pdfescape/pdfescape.sty
Package: pdfescape 2019/12/09 v1.15 Implements pdfTeX's escape features (HO)
)
(/usr/share/texlive/texmf-dist/tex/latex/hycolor/hycolor.sty
Package: hycolor 2020-01-27 v1.10 Color options for hyperref/bookmark (HO)
)
(/usr/share/texlive/texmf-dist/tex/latex/letltxmacro/letltxmacro.sty
Package: letltxmacro 2019/12/03 v1.6 Let assignment for LaTeX macros (HO)
)
(/usr/share/texlive/texmf-dist/tex/latex/auxhook/auxhook.sty
Package: auxhook 2019-12-17 v1.6 Hooks for auxiliary files (HO)
)
(/usr/share/texlive/texmf-dist/tex/latex/kvoptions/kvoptions.sty
Package: kvoptions 2020-10-07 v3.14 Key value format for package options (HO)
)
\@linkdim=\dimen138
\Hy@linkcounter=\count194
\Hy@pagecounter=\count195

(/usr/share/texlive/texmf-dist/tex/latex/hyperref/pd1enc.def
File: pd1enc.def 2021-06-07 v7.00m Hyperref: PDFDocEncoding definition (HO)
Now handling font encoding PD1 ...
... no UTF-8 mapping file for font encoding PD1
)
(/usr/share/texlive/texmf-dist/tex/latex/hyperref/hyperref-langpatches.def
File: hyperref-langpatches.def 2021-06-07 v7.00m Hyperref: patches for babel la
nguages
)
(/usr/share/texlive/texmf-dist/tex/generic/intcalc/intcalc.sty
Package: intcalc 2019/12/15 v1.3 Expandable calculations with integers (HO)
)
(/usr/share/texlive/texmf-dist/tex/generic/etexcmds/etexcmds.sty
Package: etexcmds 2019/12/15 v1.7 Avoid name clashes with e-TeX commands (HO)
)
\Hy@SavedSpaceFactor=\count196

(/usr/share/texlive/texmf-dist/tex/latex/hyperref/puenc.def
File: puenc.def 2021-06-07 v7.00m Hyperref: PDF Unicode definition (HO)
Now handling font encoding PU ...
... no UTF-8 mapping file for font encoding PU
)
Package hyperref Info: Option `colorlinks' set `true' on input line 4073.
Package hyperref Info: Option `bookmarks' set `false' on input line 4073.
Package hyperref Info: Hyper figures OFF on input line 4192.
Package hyperref Info: Link nesting OFF on input line 4197.
Package hyperref Info: Hyper index ON on input line 4200.
Package hyperref Info: Plain pages OFF on input line 4207.
Package hyperref Info: Backreferencing ON on input line 4210.
Package hyperref Info: Implicit mode ON; LaTeX internals redefined.
Package hyperref Info: Bookmarks OFF on input line 4451.

(/usr/share/texlive/texmf-dist/tex/latex/hyperref/backref.sty
Package: backref 2021/02/04 v1.41 Bibliographical back referencing

(/usr/share/texlive/texmf-dist/tex/latex/rerunfilecheck/rerunfilecheck.sty
Package: rerunfilecheck 2019/12/05 v1.9 Rerun checks for auxiliary files (HO)

(/usr/share/texlive/texmf-dist/tex/latex/base/atveryend-ltx.sty
Package: atveryend-ltx 2020/08/19 v1.0a Emulation of the original atveryend pac
kage
with kernel methods
)
(/usr/share/texlive/texmf-dist/tex/generic/uniquecounter/uniquecounter.sty
Package: uniquecounter 2019/12/15 v1.4 Provide unlimited unique counter (HO)

(/usr/share/texlive/texmf-dist/tex/generic/bigintcalc/bigintcalc.sty
Package: bigintcalc 2019/12/15 v1.5 Expandable calculations on big integers (HO
)
))
Package uniquecounter Info: New unique counter `rerunfilecheck' on input line 2
86.
))
\c@Hy@tempcnt=\count197

(/usr/share/texlive/texmf-dist/tex/latex/url/url.sty
\Urlmuskip=\muskip16
Package: url 2013/09/16  ver 3.4  Verb mode for urls, etc.
)
LaTeX Info: Redefining \url on input line 4804.
\XeTeXLinkMargin=\dimen139

(/usr/share/texlive/texmf-dist/tex/generic/bitset/bitset.sty
Package: bitset 2019/12/09 v1.3 Handle bit-vector datatype (HO)
)
\Fld@menulength=\count198
\Field@Width=\dimen140
\Fld@charsize=\dimen141
Package hyperref Info: Hyper figures OFF on input line 6076.
Package hyperref Info: Link nesting OFF on input line 6081.
Package hyperref Info: Hyper index ON on input line 6084.
Package hyperref Info: backreferencing ON on input line 6089.
Package hyperref Info: Link coloring ON on input line 6094.
Package hyperref Info: Link coloring with OCG OFF on input line 6101.
Package hyperref Info: PDF/A mode OFF on input line 6106.
LaTeX Info: Redefining \ref on input line 6146.
LaTeX Info: Redefining \pageref on input line 6150.

(/usr/share/texlive/texmf-dist/tex/latex/base/atbegshi-ltx.sty
Package: atbegshi-ltx 2021/01/10 v1.0c Emulation of the original atbegshi
package with kernel methods
)
\Hy@abspage=\count199
\c@Item=\count266
\c@Hfootnote=\count267
)
Package hyperref Info: Driver: hpdftex.

(/usr/share/texlive/texmf-dist/tex/latex/hyperref/hpdftex.def
File: hpdftex.def 2021-06-07 v7.00m Hyperref driver for pdfTeX
\Fld@listcount=\count268
\c@bookmark@seq@number=\count269
\Hy@SectionHShift=\skip49
)
(/usr/share/texlive/texmf-dist/tex/latex/graphics/graphicx.sty
Package: graphicx 2021/09/16 v1.2d Enhanced LaTeX Graphics (DPC,SPQR)

(/usr/share/texlive/texmf-dist/tex/latex/graphics/graphics.sty
Package: graphics 2021/03/04 v1.4d Standard LaTeX Graphics (DPC,SPQR)

(/usr/share/texlive/texmf-dist/tex/latex/graphics/trig.sty
Package: trig 2021/08/11 v1.11 sin cos tan (DPC)
)
(/usr/share/texlive/texmf-dist/tex/latex/graphics-cfg/graphics.cfg
File: graphics.cfg 2016/06/04 v1.11 sample graphics configuration
)
Package graphics Info: Driver file: pdftex.def on input line 107.

(/usr/share/texlive/texmf-dist/tex/latex/graphics-def/pdftex.def
File: pdftex.def 2020/10/05 v1.2a Graphics/color driver for pdftex
))
\Gin@req@height=\dimen142
\Gin@req@width=\dimen143
)
   defining Unicode char U+202F (decimal 8239)

(./egweblnk.sty
Package: egweblnk 2004/10/29 v2.2 DF's support for http web links in class egpu
bl
) (/usr/share/texlive/texmf-dist/tex/latex/amsfonts/amssymb.sty
Package: amssymb 2013/01/14 v3.01 AMS font symbols

(/usr/share/texlive/texmf-dist/tex/latex/amsfonts/amsfonts.sty
Package: amsfonts 2013/01/14 v3.01 Basic AMSFonts support
\@emptytoks=\toks19
\symAMSa=\mathgroup6
\symAMSb=\mathgroup7
LaTeX Font Info:    Redeclaring math symbol \hbar on input line 98.
LaTeX Font Info:    Overwriting math alphabet `\mathfrak' in version `bold'
(Font)                  U/euf/m/n --> U/euf/b/n on input line 106.
))
(/usr/share/texlive/texmf-dist/tex/latex/svg/svg.sty
Package: svg 2020/11/26 v2.02k (include SVG pictures)

(/usr/share/texlive/texmf-dist/tex/latex/koma-script/scrbase.sty
Package: scrbase 2021/11/13 v3.35 KOMA-Script package (KOMA-Script-independent 
basics and keyval usage)

(/usr/share/texlive/texmf-dist/tex/latex/koma-script/scrlfile.sty
Package: scrlfile 2021/11/13 v3.35 KOMA-Script package (file load hooks)

(/usr/share/texlive/texmf-dist/tex/latex/koma-script/scrlfile-hook.sty
Package: scrlfile-hook 2021/11/13 v3.35 KOMA-Script package (using LaTeX hooks)


(/usr/share/texlive/texmf-dist/tex/latex/koma-script/scrlogo.sty
Package: scrlogo 2021/11/13 v3.35 KOMA-Script package (logo)
)))
Applying: [2021/05/01] Usage of raw or classic option list on input line 252.
Already applied: [0000/00/00] Usage of raw or classic option list on input line
 368.
)
(/usr/share/texlive/texmf-dist/tex/latex/trimspaces/trimspaces.sty
Package: trimspaces 2009/09/17 v1.1 Trim spaces around a token list
)
(/usr/share/texlive/texmf-dist/tex/latex/tools/shellesc.sty
Package: shellesc 2019/11/08 v1.0c unified shell escape interface for LaTeX
Package shellesc Info: Restricted shell escape enabled on input line 77.
)
\c@svg@param@lastpage=\count270
\svg@box=\box50
\c@svg@param@currpage=\count271
)
(/usr/share/texlive/texmf-dist/tex/latex/xcolor/xcolor.sty
Package: xcolor 2021/10/31 v2.13 LaTeX color extensions (UK)

(/usr/share/texlive/texmf-dist/tex/latex/graphics-cfg/color.cfg
File: color.cfg 2016/01/02 v1.6 sample color configuration
)
Package xcolor Info: Driver file: pdftex.def on input line 227.
Package xcolor Info: Model `cmy' substituted by `cmy0' on input line 1352.
Package xcolor Info: Model `hsb' substituted by `rgb' on input line 1356.
Package xcolor Info: Model `RGB' extended on input line 1368.
Package xcolor Info: Model `HTML' substituted by `rgb' on input line 1370.
Package xcolor Info: Model `Hsb' substituted by `hsb' on input line 1371.
Package xcolor Info: Model `tHsb' substituted by `hsb' on input line 1372.
Package xcolor Info: Model `HSB' substituted by `hsb' on input line 1373.
Package xcolor Info: Model `Gray' substituted by `gray' on input line 1374.
Package xcolor Info: Model `wave' substituted by `hsb' on input line 1375.
)
(/usr/share/texlive/texmf-dist/tex/latex/transparent/transparent.sty
Package: transparent 2019/11/29 v1.4 Transparency via pdfTeX's color stack (HO)

)
(/usr/share/texlive/texmf-dist/tex/latex/pgf/systemlayer/pgfsys.sty
(/usr/share/texlive/texmf-dist/tex/latex/pgf/utilities/pgfrcs.sty
(/usr/share/texlive/texmf-dist/tex/generic/pgf/utilities/pgfutil-common.tex
\pgfutil@everybye=\toks20
\pgfutil@tempdima=\dimen144
\pgfutil@tempdimb=\dimen145

(/usr/share/texlive/texmf-dist/tex/generic/pgf/utilities/pgfutil-common-lists.t
ex)) (/usr/share/texlive/texmf-dist/tex/generic/pgf/utilities/pgfutil-latex.def
\pgfutil@abb=\box51
) (/usr/share/texlive/texmf-dist/tex/generic/pgf/utilities/pgfrcs.code.tex
(/usr/share/texlive/texmf-dist/tex/generic/pgf/pgf.revision.tex)
Package: pgfrcs 2021/05/15 v3.1.9a (3.1.9a)
))
(/usr/share/texlive/texmf-dist/tex/generic/pgf/systemlayer/pgfsys.code.tex
Package: pgfsys 2021/05/15 v3.1.9a (3.1.9a)

(/usr/share/texlive/texmf-dist/tex/generic/pgf/utilities/pgfkeys.code.tex
\pgfkeys@pathtoks=\toks21
\pgfkeys@temptoks=\toks22

(/usr/share/texlive/texmf-dist/tex/generic/pgf/utilities/pgfkeysfiltered.code.t
ex
\pgfkeys@tmptoks=\toks23
))
\pgf@x=\dimen146
\pgf@y=\dimen147
\pgf@xa=\dimen148
\pgf@ya=\dimen149
\pgf@xb=\dimen150
\pgf@yb=\dimen151
\pgf@xc=\dimen152
\pgf@yc=\dimen153
\pgf@xd=\dimen154
\pgf@yd=\dimen155
\w@pgf@writea=\write4
\r@pgf@reada=\read2
\c@pgf@counta=\count272
\c@pgf@countb=\count273
\c@pgf@countc=\count274
\c@pgf@countd=\count275
\t@pgf@toka=\toks24
\t@pgf@tokb=\toks25
\t@pgf@tokc=\toks26
\pgf@sys@id@count=\count276
 (/usr/share/texlive/texmf-dist/tex/generic/pgf/systemlayer/pgf.cfg
File: pgf.cfg 2021/05/15 v3.1.9a (3.1.9a)
)
Driver file for pgf: pgfsys-pdftex.def

(/usr/share/texlive/texmf-dist/tex/generic/pgf/systemlayer/pgfsys-pdftex.def
File: pgfsys-pdftex.def 2021/05/15 v3.1.9a (3.1.9a)

(/usr/share/texlive/texmf-dist/tex/generic/pgf/systemlayer/pgfsys-common-pdf.de
f
File: pgfsys-common-pdf.def 2021/05/15 v3.1.9a (3.1.9a)
)))
(/usr/share/texlive/texmf-dist/tex/generic/pgf/systemlayer/pgfsyssoftpath.code.
tex
File: pgfsyssoftpath.code.tex 2021/05/15 v3.1.9a (3.1.9a)
\pgfsyssoftpath@smallbuffer@items=\count277
\pgfsyssoftpath@bigbuffer@items=\count278
)
(/usr/share/texlive/texmf-dist/tex/generic/pgf/systemlayer/pgfsysprotocol.code.
tex
File: pgfsysprotocol.code.tex 2021/05/15 v3.1.9a (3.1.9a)
)) (/usr/share/texlive/texmf-dist/tex/latex/caption/subcaption.sty
Package: subcaption 2020/10/07 v1.3j Sub-captions (AR)

(/usr/share/texlive/texmf-dist/tex/latex/caption/caption.sty
Package: caption 2020/10/26 v3.5g Customizing captions (AR)

(/usr/share/texlive/texmf-dist/tex/latex/caption/caption3.sty
Package: caption3 2020/10/21 v2.2e caption3 kernel (AR)
\captionmargin=\dimen156
\captionmargin@=\dimen157
\captionwidth=\dimen158
\caption@tempdima=\dimen159
\caption@indent=\dimen160
\caption@parindent=\dimen161
\caption@hangindent=\dimen162
\abovecaptionskip=\skip50
\belowcaptionskip=\skip51
Package caption Info: Unknown document class (or package),
(caption)             standard defaults will be used.
Package caption Info: \@makecaption = \long macro:#1#2->\vskip 6pt \setbox \@te
mpboxa \hbox {\textbf {#1:} \reset@font \textit {#2}} \ifdim \wd \@tempboxa >\h
size \textbf {#1:} \reset@font \itshape #2\par \else \hbox to\hsize {\hfil \box
 \@tempboxa \hfil } \fi \vskip 6pt  on input line 1139.
)

Package caption Warning: Unknown document class (or package),
(caption)                standard defaults will be used.
See the caption package documentation for explanation.

\c@caption@flags=\count279
\c@continuedfloat=\count280
Package caption Info: hyperref package is loaded.
)
\c@subfigure=\count281
\c@subtable=\count282
) (/usr/share/texlive/texmf-dist/tex/latex/lineno/lineno.sty
Package: lineno 2005/11/02 line numbers on paragraphs v4.41
\linenopenalty=\count283
\output=\toks27
\linenoprevgraf=\count284
\linenumbersep=\dimen163
\linenumberwidth=\dimen164
\c@linenumber=\count285
\c@pagewiselinenumber=\count286
\c@LN@truepage=\count287
\c@internallinenumber=\count288
\c@internallinenumbers=\count289
\quotelinenumbersep=\dimen165
\bframerule=\dimen166
\bframesep=\dimen167
\bframebox=\box52
LaTeX Info: Redefining \\ on input line 3056.
) (./body.tex
(/usr/share/texlive/texmf-dist/tex/latex/l3backend/l3backend-pdftex.def
File: l3backend-pdftex.def 2022-01-12 L3 backend support: PDF output (pdfTeX)
\l__color_backend_stack_int=\count290
\l__pdf_internal_box=\box53
)
(./paper.aux

LaTeX Warning: Label `fig:projected_cylinder2' multiply defined.

)
\openout1 = `paper.aux'.

LaTeX Font Info:    Checking defaults for OML/cmm/m/it on input line 31.
LaTeX Font Info:    ... okay on input line 31.
LaTeX Font Info:    Checking defaults for OMS/cmsy/m/n on input line 31.
LaTeX Font Info:    ... okay on input line 31.
LaTeX Font Info:    Checking defaults for OT1/cmr/m/n on input line 31.
LaTeX Font Info:    ... okay on input line 31.
LaTeX Font Info:    Checking defaults for T1/cmr/m/n on input line 31.
LaTeX Font Info:    ... okay on input line 31.
LaTeX Font Info:    Checking defaults for TS1/cmr/m/n on input line 31.
LaTeX Font Info:    ... okay on input line 31.
LaTeX Font Info:    Checking defaults for OMX/cmex/m/n on input line 31.
LaTeX Font Info:    ... okay on input line 31.
LaTeX Font Info:    Checking defaults for U/cmr/m/n on input line 31.
LaTeX Font Info:    ... okay on input line 31.
LaTeX Font Info:    Checking defaults for PD1/pdf/m/n on input line 31.
LaTeX Font Info:    ... okay on input line 31.
LaTeX Font Info:    Checking defaults for PU/pdf/m/n on input line 31.
LaTeX Font Info:    ... okay on input line 31.


Package hyperref Warning: Height of page (\paperheight) is invalid (0.0pt),
(hyperref)                using 11in.

Package hyperref Info: Link coloring ON on input line 31.
(/usr/share/texlive/texmf-dist/tex/latex/hyperref/nameref.sty
Package: nameref 2021-04-02 v2.47 Cross-referencing by name of section

(/usr/share/texlive/texmf-dist/tex/latex/refcount/refcount.sty
Package: refcount 2019/12/15 v3.6 Data extraction from label references (HO)
)
(/usr/share/texlive/texmf-dist/tex/generic/gettitlestring/gettitlestring.sty
Package: gettitlestring 2019/12/15 v1.6 Cleanup title references (HO)
)
\c@section@level=\count291
)
LaTeX Info: Redefining \ref on input line 31.
LaTeX Info: Redefining \pageref on input line 31.
LaTeX Info: Redefining \nameref on input line 31.

(/usr/share/texlive/texmf-dist/tex/context/base/mkii/supp-pdf.mkii
[Loading MPS to PDF converter (version 2006.09.02).]
\scratchcounter=\count292
\scratchdimen=\dimen168
\scratchbox=\box54
\nofMPsegments=\count293
\nofMParguments=\count294
\everyMPshowfont=\toks28
\MPscratchCnt=\count295
\MPscratchDim=\dimen169
\MPnumerator=\count296
\makeMPintoPDFobject=\count297
\everyMPtoPDFconversion=\toks29
) (/usr/share/texlive/texmf-dist/tex/latex/epstopdf-pkg/epstopdf-base.sty
Package: epstopdf-base 2020-01-24 v2.11 Base part for package epstopdf
Package epstopdf-base Info: Redefining graphics rule for `.eps' on input line 4
85.

(/usr/share/texlive/texmf-dist/tex/latex/latexconfig/epstopdf-sys.cfg
File: epstopdf-sys.cfg 2010/07/13 v1.3 Configuration of (r)epstopdf for TeX Liv
e
))
Package caption Info: Begin \AtBeginDocument code.
Package caption Info: End \AtBeginDocument code.
LaTeX Font Info:    Trying to load font information for OT1+ptmcm on input line
 36.

(/usr/share/texlive/texmf-dist/tex/latex/psnfss/ot1ptmcm.fd
File: ot1ptmcm.fd 2000/01/03 Fontinst v1.801 font definitions for OT1/ptmcm.
)
LaTeX Font Info:    Trying to load font information for OML+ptmcm on input line
 36.

(/usr/share/texlive/texmf-dist/tex/latex/psnfss/omlptmcm.fd
File: omlptmcm.fd 2000/01/03 Fontinst v1.801 font definitions for OML/ptmcm.
)
LaTeX Font Info:    Trying to load font information for OMX+psycm on input line
 36.

(/usr/share/texlive/texmf-dist/tex/latex/psnfss/omxpsycm.fd
File: omxpsycm.fd 2000/01/03 Fontinst v1.801 font definitions for OMX/psycm.
)
LaTeX Font Info:    Trying to load font information for OT1+ptm on input line 3
6.

(/usr/share/texlive/texmf-dist/tex/latex/psnfss/ot1ptm.fd
File: ot1ptm.fd 2001/06/04 font definitions for OT1/ptm.
)
LaTeX Font Info:    Trying to load font information for U+msa on input line 36.


(/usr/share/texlive/texmf-dist/tex/latex/amsfonts/umsa.fd
File: umsa.fd 2013/01/14 v3.01 AMS symbols A
)
LaTeX Font Info:    Trying to load font information for U+msb on input line 36.


(/usr/share/texlive/texmf-dist/tex/latex/amsfonts/umsb.fd
File: umsb.fd 2013/01/14 v3.01 AMS symbols B
)
Overfull \hbox (4.00002pt too wide) in paragraph at lines 36--36
 [][] 
 []


Underfull \hbox (badness 10000) in paragraph at lines 36--37

 []


LaTeX Warning: Citation `511' on page 1 undefined on input line 42.


LaTeX Warning: Citation `511' on page 1 undefined on input line 42.


LaTeX Warning: Citation `10.1145/964965.808594' on page 1 undefined on input li
ne 42.


LaTeX Warning: Citation `511' on page 1 undefined on input line 42.


LaTeX Warning: Citation `10.5555/94788' on page 1 undefined on input line 46.


LaTeX Warning: Citation `10.5555/94788' on page 1 undefined on input line 47.

(./figures/fig_interactions.pdf_tex
<fig_interactions.pdf, id=7, page=1, 882.03545pt x 426.79132pt>
File: fig_interactions.pdf Graphic file (type pdf)
<use fig_interactions.pdf, page 1>
Package pdftex.def Info: fig_interactions.pdf , page1 used on input line 56.
(pdftex.def)             Requested size: 240.0pt x 116.12738pt.
<fig_interactions.pdf, id=8, page=2, 882.03545pt x 426.79132pt>
File: fig_interactions.pdf Graphic file (type pdf)
<use fig_interactions.pdf, page 2>
Package pdftex.def Info: fig_interactions.pdf , page2 used on input line 62.
(pdftex.def)             Requested size: 240.0pt x 116.12738pt.
)

LaTeX Warning: Citation `10.5555/275458.275468' on page 1 undefined on input li
ne 62.


LaTeX Warning: Citation `468400' on page 1 undefined on input line 62.


LaTeX Warning: Citation `468400' on page 1 undefined on input line 69.

(./figures/fig_cylinder.pdf_tex
<fig_cylinder.pdf, id=10, page=1, 597.50786pt x 711.31892pt>
File: fig_cylinder.pdf Graphic file (type pdf)
<use fig_cylinder.pdf, page 1>
Package pdftex.def Info: fig_cylinder.pdf , page1 used on input line 56.
(pdftex.def)             Requested size: 240.0pt x 285.71645pt.
<fig_cylinder.pdf, id=11, page=2, 597.50786pt x 711.31892pt>
File: fig_cylinder.pdf Graphic file (type pdf)
<use fig_cylinder.pdf, page 2>
Package pdftex.def Info: fig_cylinder.pdf , page2 used on input line 59.
(pdftex.def)             Requested size: 240.0pt x 285.71645pt.
<fig_cylinder.pdf, id=12, page=3, 597.50786pt x 711.31892pt>
File: fig_cylinder.pdf Graphic file (type pdf)
<use fig_cylinder.pdf, page 3>
Package pdftex.def Info: fig_cylinder.pdf , page3 used on input line 62.
(pdftex.def)             Requested size: 240.0pt x 285.71645pt.
)
LaTeX Font Info:    Font shape `T1/phv/m/n' will be
(Font)              scaled to size 8.99994pt on input line 82.
LaTeX Font Info:    Trying to load font information for TS1+ptm on input line 8
2.

(/usr/share/texlive/texmf-dist/tex/latex/psnfss/ts1ptm.fd
File: ts1ptm.fd 2001/06/04 font definitions for TS1/ptm.
) [1{/var/lib/texmf/fonts/map/pdftex/updmap/pdftex.map}


 <./fig_interactions.pdf> <./fig_interactions.pdf

pdfTeX warning: pdflatex (file ./fig_interactions.pdf): PDF inclusion: multiple
 pdfs with page group included in a single page
>] (./figures/fig_projected_cylinder.pdf_tex
<fig_projected_cylinder.pdf, id=34, page=1, 597.50786pt x 597.50786pt>
File: fig_projected_cylinder.pdf Graphic file (type pdf)
<use fig_projected_cylinder.pdf, page 1>
Package pdftex.def Info: fig_projected_cylinder.pdf , page1 used on input line 
56.
(pdftex.def)             Requested size: 240.0pt x 240.0018pt.
)
(./figures/fig_light_changes.pdf_tex
<fig_light_changes.pdf, id=36, page=1, 853.58266pt x 455.2441pt>
File: fig_light_changes.pdf Graphic file (type pdf)
<use fig_light_changes.pdf, page 1>
Package pdftex.def Info: fig_light_changes.pdf , page1 used on input line 56.
(pdftex.def)             Requested size: 240.0pt x 127.9954pt.
<fig_light_changes.pdf, id=37, page=2, 853.58266pt x 455.2441pt>
File: fig_light_changes.pdf Graphic file (type pdf)
<use fig_light_changes.pdf, page 2>
Package pdftex.def Info: fig_light_changes.pdf , page2 used on input line 60.
(pdftex.def)             Requested size: 240.0pt x 127.9954pt.
<fig_light_changes.pdf, id=38, page=3, 853.58266pt x 455.2441pt>
File: fig_light_changes.pdf Graphic file (type pdf)
<use fig_light_changes.pdf, page 3>
Package pdftex.def Info: fig_light_changes.pdf , page3 used on input line 62.
(pdftex.def)             Requested size: 240.0pt x 127.9954pt.
<fig_light_changes.pdf, id=39, page=4, 853.58266pt x 455.2441pt>
File: fig_light_changes.pdf Graphic file (type pdf)
<use fig_light_changes.pdf, page 4>
Package pdftex.def Info: fig_light_changes.pdf , page4 used on input line 64.
(pdftex.def)             Requested size: 240.0pt x 127.9954pt.
<fig_light_changes.pdf, id=40, page=5, 853.58266pt x 455.2441pt>
File: fig_light_changes.pdf Graphic file (type pdf)
<use fig_light_changes.pdf, page 5>
Package pdftex.def Info: fig_light_changes.pdf , page5 used on input line 66.
(pdftex.def)             Requested size: 240.0pt x 127.9954pt.
)

LaTeX Warning: Citation `468400' on page 2 undefined on input line 124.


LaTeX Warning: Citation `468400' on page 2 undefined on input line 124.


LaTeX Warning: Citation `10.1145/280814.280925' on page 2 undefined on input li
ne 125.

[2 <./fig_cylinder.pdf> <./fig_cylinder.pdf

pdfTeX warning: pdflatex (file ./fig_cylinder.pdf): PDF inclusion: multiple pdf
s with page group included in a single page
> <./fig_cylinder.pdf

pdfTeX warning: pdflatex (file ./fig_cylinder.pdf): PDF inclusion: multiple pdf
s with page group included in a single page
> <./fig_projected_cylinder.pdf

pdfTeX warning: pdflatex (file ./fig_projected_cylinder.pdf): PDF inclusion: mu
ltiple pdfs with page group included in a single page
> <./fig_light_changes.pdf

pdfTeX warning: pdflatex (file ./fig_light_changes.pdf): PDF inclusion: multipl
e pdfs with page group included in a single page
> <./fig_light_changes.pdf

pdfTeX warning: pdflatex (file ./fig_light_changes.pdf): PDF inclusion: multipl
e pdfs with page group included in a single page
> <./fig_light_changes.pdf

pdfTeX warning: pdflatex (file ./fig_light_changes.pdf): PDF inclusion: multipl
e pdfs with page group included in a single page
> <./fig_light_changes.pdf

pdfTeX warning: pdflatex (file ./fig_light_changes.pdf): PDF inclusion: multipl
e pdfs with page group included in a single page
> <./fig_light_changes.pdf

pdfTeX warning: pdflatex (file ./fig_light_changes.pdf): PDF inclusion: multipl
e pdfs with page group included in a single page
>]

LaTeX Warning: Citation `10.1145/280814.280925' on page 3 undefined on input li
ne 129.


LaTeX Warning: Citation `10.1145/280814.280925' on page 3 undefined on input li
ne 129.


LaTeX Warning: Citation `zhou2007real-time' on page 3 undefined on input line 1
35.


LaTeX Warning: Citation `511' on page 3 undefined on input line 151.


LaTeX Warning: Citation `10.1145/147130.147155' on page 3 undefined on input li
ne 151.


LaTeX Warning: Citation `10.1145/147130.147155' on page 3 undefined on input li
ne 153.


LaTeX Warning: Citation `10.1145/147130.147155' on page 3 undefined on input li
ne 159.


LaTeX Warning: Citation `10.1145/78964.78965' on page 3 undefined on input line
 159.


LaTeX Warning: Reference `fig:simple_algorithm' on page 3 undefined on input li
ne 159.

(./figures/fig_simple_algorithm.pdf_tex
<fig_simple_algorithm.pdf, id=60, page=1, 711.31892pt x 569.05513pt>
File: fig_simple_algorithm.pdf Graphic file (type pdf)
<use fig_simple_algorithm.pdf, page 1>
Package pdftex.def Info: fig_simple_algorithm.pdf , page1 used on input line 56
.
(pdftex.def)             Requested size: 240.0pt x 192.00006pt.
<fig_simple_algorithm.pdf, id=61, page=2, 711.31892pt x 569.05513pt>
File: fig_simple_algorithm.pdf Graphic file (type pdf)
<use fig_simple_algorithm.pdf, page 2>
Package pdftex.def Info: fig_simple_algorithm.pdf , page2 used on input line 60
.
(pdftex.def)             Requested size: 240.0pt x 192.00006pt.
)

LaTeX Warning: Reference `fig:simple_algorithm' on page 3 undefined on input li
ne 170.


LaTeX Warning: Citation `511' on page 3 undefined on input line 170.


LaTeX Warning: Citation `10.1145/147130.147155' on page 3 undefined on input li
ne 179.


Underfull \hbox (badness 3343) in paragraph at lines 182--185
\T1/ptm/m/n/9 for one line seg-ment be-tween $\OML/ptmcm/m/it/9 p[]$ \T1/ptm/m/
n/9 and $\OML/ptmcm/m/it/9 p[]$\T1/ptm/m/n/9 . The quan-tity
 []


Underfull \hbox (badness 10000) has occurred while \output is active
[]
 []

[3 <./fig_simple_algorithm.pdf> <./fig_simple_algorithm.pdf

pdfTeX warning: pdflatex (file ./fig_simple_algorithm.pdf): PDF inclusion: mult
iple pdfs with page group included in a single page
>]

LaTeX Warning: Citation `10.1145/147130.147155' on page 4 undefined on input li
ne 199.


LaTeX Warning: Citation `511' on page 4 undefined on input line 204.


LaTeX Warning: Citation `511' on page 4 undefined on input line 205.


LaTeX Warning: Citation `10.1145/3451256' on page 4 undefined on input line 205
.


LaTeX Warning: Citation `729595' on page 4 undefined on input line 206.


LaTeX Warning: Citation `10.1145/964965.808594' on page 4 undefined on input li
ne 209.


LaTeX Warning: Citation `10.1145/965145.801255' on page 4 undefined on input li
ne 209.


LaTeX Warning: Reference `fig_monte_carlo' on page 4 undefined on input line 23
6.

(./figures/fig_monte_carlo.pdf_tex
<fig_monte_carlo.pdf, id=85, page=1, 853.58266pt x 512.1496pt>
File: fig_monte_carlo.pdf Graphic file (type pdf)
<use fig_monte_carlo.pdf, page 1>
Package pdftex.def Info: fig_monte_carlo.pdf , page1 used on input line 56.
(pdftex.def)             Requested size: 240.0pt x 143.99483pt.
<fig_monte_carlo.pdf, id=86, page=2, 853.58266pt x 512.1496pt>
File: fig_monte_carlo.pdf Graphic file (type pdf)
<use fig_monte_carlo.pdf, page 2>
Package pdftex.def Info: fig_monte_carlo.pdf , page2 used on input line 61.
(pdftex.def)             Requested size: 240.0pt x 143.99483pt.
<fig_monte_carlo.pdf, id=87, page=3, 853.58266pt x 512.1496pt>
File: fig_monte_carlo.pdf Graphic file (type pdf)
<use fig_monte_carlo.pdf, page 3>
Package pdftex.def Info: fig_monte_carlo.pdf , page3 used on input line 63.
(pdftex.def)             Requested size: 240.0pt x 143.99483pt.
<fig_monte_carlo.pdf, id=88, page=4, 853.58266pt x 512.1496pt>
File: fig_monte_carlo.pdf Graphic file (type pdf)
<use fig_monte_carlo.pdf, page 4>
Package pdftex.def Info: fig_monte_carlo.pdf , page4 used on input line 65.
(pdftex.def)             Requested size: 240.0pt x 143.99483pt.
<fig_monte_carlo.pdf, id=89, page=5, 853.58266pt x 512.1496pt>
File: fig_monte_carlo.pdf Graphic file (type pdf)
<use fig_monte_carlo.pdf, page 5>
Package pdftex.def Info: fig_monte_carlo.pdf , page5 used on input line 67.
(pdftex.def)             Requested size: 240.0pt x 143.99483pt.
)

LaTeX Warning: Reference `collision_p' on page 4 undefined on input line 256.

[4] (./figures/fig_delta_tracking.pdf_tex
<fig_delta_tracking.pdf, id=106, page=1, 569.05513pt x 569.05513pt>
File: fig_delta_tracking.pdf Graphic file (type pdf)
<use fig_delta_tracking.pdf, page 1>
Package pdftex.def Info: fig_delta_tracking.pdf , page1 used on input line 56.
(pdftex.def)             Requested size: 240.0pt x 240.00008pt.
<fig_delta_tracking.pdf, id=107, page=2, 569.05513pt x 569.05513pt>
File: fig_delta_tracking.pdf Graphic file (type pdf)
<use fig_delta_tracking.pdf, page 2>
Package pdftex.def Info: fig_delta_tracking.pdf , page2 used on input line 59.
(pdftex.def)             Requested size: 240.0pt x 240.00008pt.
<fig_delta_tracking.pdf, id=108, page=3, 569.05513pt x 569.05513pt>
File: fig_delta_tracking.pdf Graphic file (type pdf)
<use fig_delta_tracking.pdf, page 3>
Package pdftex.def Info: fig_delta_tracking.pdf , page3 used on input line 61.
(pdftex.def)             Requested size: 240.0pt x 240.00008pt.
)
(./figures/fig_delta_tracking_distance_a.pdf_tex
<fig_delta_tracking_distance_a.pdf, id=110, page=1, 569.05513pt x 569.05513pt>
File: fig_delta_tracking_distance_a.pdf Graphic file (type pdf)
<use fig_delta_tracking_distance_a.pdf, page 1>
Package pdftex.def Info: fig_delta_tracking_distance_a.pdf , page1 used on inpu
t line 56.
(pdftex.def)             Requested size: 569.05511pt x 569.10583pt.
<fig_delta_tracking_distance_a.pdf, id=111, page=2, 569.05513pt x 569.05513pt>
File: fig_delta_tracking_distance_a.pdf Graphic file (type pdf)
<use fig_delta_tracking_distance_a.pdf, page 2>
Package pdftex.def Info: fig_delta_tracking_distance_a.pdf , page2 used on inpu
t line 60.
(pdftex.def)             Requested size: 569.05511pt x 569.10583pt.
<fig_delta_tracking_distance_a.pdf, id=112, page=3, 569.05513pt x 569.05513pt>
File: fig_delta_tracking_distance_a.pdf Graphic file (type pdf)
<use fig_delta_tracking_distance_a.pdf, page 3>
Package pdftex.def Info: fig_delta_tracking_distance_a.pdf , page3 used on inpu
t line 62.
(pdftex.def)             Requested size: 569.05511pt x 569.10583pt.
)
Overfull \hbox (322.09235pt too wide) in paragraph at lines 67--282
[][] 
 []

(./figures/fig_delta_tracking_distance_b.pdf_tex
<fig_delta_tracking_distance_b.pdf, id=113, page=1, 569.05513pt x 569.05513pt>
File: fig_delta_tracking_distance_b.pdf Graphic file (type pdf)
<use fig_delta_tracking_distance_b.pdf, page 1>
Package pdftex.def Info: fig_delta_tracking_distance_b.pdf , page1 used on inpu
t line 56.
(pdftex.def)             Requested size: 569.05511pt x 569.10583pt.
<fig_delta_tracking_distance_b.pdf, id=114, page=2, 569.05513pt x 569.05513pt>
File: fig_delta_tracking_distance_b.pdf Graphic file (type pdf)
<use fig_delta_tracking_distance_b.pdf, page 2>
Package pdftex.def Info: fig_delta_tracking_distance_b.pdf , page2 used on inpu
t line 60.
(pdftex.def)             Requested size: 569.05511pt x 569.10583pt.
<fig_delta_tracking_distance_b.pdf, id=115, page=3, 569.05513pt x 569.05513pt>
File: fig_delta_tracking_distance_b.pdf Graphic file (type pdf)
<use fig_delta_tracking_distance_b.pdf, page 3>
Package pdftex.def Info: fig_delta_tracking_distance_b.pdf , page3 used on inpu
t line 62.
(pdftex.def)             Requested size: 569.05511pt x 569.10583pt.
)
Overfull \hbox (322.09235pt too wide) in paragraph at lines 65--286
[][] 
 []


Overfull \hbox (255.63556pt too wide) in paragraph at lines 280--287
[]$[]$|  $[]$ 
 []

(./figures/fig_bidirectional.pdf_tex
<fig_bidirectional.pdf, id=116, page=1, 739.77165pt x 455.2441pt>
File: fig_bidirectional.pdf Graphic file (type pdf)
<use fig_bidirectional.pdf, page 1>
Package pdftex.def Info: fig_bidirectional.pdf , page1 used on input line 56.
(pdftex.def)             Requested size: 240.0pt x 147.68861pt.
<fig_bidirectional.pdf, id=117, page=2, 739.77165pt x 455.2441pt>
File: fig_bidirectional.pdf Graphic file (type pdf)
<use fig_bidirectional.pdf, page 2>
Package pdftex.def Info: fig_bidirectional.pdf , page2 used on input line 60.
(pdftex.def)             Requested size: 240.0pt x 147.68861pt.
<fig_bidirectional.pdf, id=118, page=3, 739.77165pt x 455.2441pt>
File: fig_bidirectional.pdf Graphic file (type pdf)
<use fig_bidirectional.pdf, page 3>
Package pdftex.def Info: fig_bidirectional.pdf , page3 used on input line 62.
(pdftex.def)             Requested size: 240.0pt x 147.68861pt.
<fig_bidirectional.pdf, id=119, page=4, 739.77165pt x 455.2441pt>
File: fig_bidirectional.pdf Graphic file (type pdf)
<use fig_bidirectional.pdf, page 4>
Package pdftex.def Info: fig_bidirectional.pdf , page4 used on input line 64.
(pdftex.def)             Requested size: 240.0pt x 147.68861pt.
)

LaTeX Warning: Citation `10.1145/325165.325247' on page 5 undefined on input li
ne 312.


LaTeX Warning: Citation `haggstrom2018real' on page 5 undefined on input line 3
12.


LaTeX Warning: Citation `511' on page 5 undefined on input line 312.


LaTeX Warning: Citation `10.1145/78964.78965' on page 5 undefined on input line
 318.


Underfull \hbox (badness 10000) has occurred while \output is active
[]
 []

[5 <./fig_monte_carlo.pdf> <./fig_monte_carlo.pdf

pdfTeX warning: pdflatex (file ./fig_monte_carlo.pdf): PDF inclusion: multiple 
pdfs with page group included in a single page
> <./fig_monte_carlo.pdf

pdfTeX warning: pdflatex (file ./fig_monte_carlo.pdf): PDF inclusion: multiple 
pdfs with page group included in a single page
> <./fig_monte_carlo.pdf

pdfTeX warning: pdflatex (file ./fig_monte_carlo.pdf): PDF inclusion: multiple 
pdfs with page group included in a single page
> <./fig_monte_carlo.pdf

pdfTeX warning: pdflatex (file ./fig_monte_carlo.pdf): PDF inclusion: multiple 
pdfs with page group included in a single page
> <./fig_delta_tracking.pdf

pdfTeX warning: pdflatex (file ./fig_delta_tracking.pdf): PDF inclusion: multip
le pdfs with page group included in a single page
> <./fig_delta_tracking.pdf

pdfTeX warning: pdflatex (file ./fig_delta_tracking.pdf): PDF inclusion: multip
le pdfs with page group included in a single page
> <./fig_delta_tracking.pdf

pdfTeX warning: pdflatex (file ./fig_delta_tracking.pdf): PDF inclusion: multip
le pdfs with page group included in a single page
>]

LaTeX Warning: Citation `729595' on page 6 undefined on input line 323.


LaTeX Warning: File `weighted_interpolation.png' not found on input line 329.


! Package pdftex.def Error: File `weighted_interpolation.png' not found: using 
draft setting.

See the pdftex.def package documentation for explanation.
Type  H <return>  for immediate help.
 ...                                              
                                                  
l.329 ....8\linewidth]{weighted_interpolation.png}
                                                  
? 

LaTeX Warning: Citation `729595' on page 6 undefined on input line 333.


LaTeX Warning: Citation `729595' on page 6 undefined on input line 333.


LaTeX Warning: Citation `10.1145/78964.78965' on page 6 undefined on input line
 339.


LaTeX Warning: File `wall.png' not found on input line 345.


! Package pdftex.def Error: File `wall.png' not found: using draft setting.

See the pdftex.def package documentation for explanation.
Type  H <return>  for immediate help.
 ...                                              
                                                  
l.345 ...udegraphics[width=.8\linewidth]{wall.png}
                                                  
? 

LaTeX Warning: Citation `10.1145/97880.97886' on page 6 undefined on input line
 352.


LaTeX Warning: Citation `10.1145/147130.147155' on page 6 undefined on input li
ne 352.

[6 <./fig_delta_tracking_distance_a.pdf> <./fig_delta_tracking_distance_a.pdf

pdfTeX warning: pdflatex (file ./fig_delta_tracking_distance_a.pdf): PDF inclus
ion: multiple pdfs with page group included in a single page
> <./fig_delta_tracking_distance_a.pdf

pdfTeX warning: pdflatex (file ./fig_delta_tracking_distance_a.pdf): PDF inclus
ion: multiple pdfs with page group included in a single page
> <./fig_delta_tracking_distance_b.pdf

pdfTeX warning: pdflatex (file ./fig_delta_tracking_distance_b.pdf): PDF inclus
ion: multiple pdfs with page group included in a single page
> <./fig_delta_tracking_distance_b.pdf

pdfTeX warning: pdflatex (file ./fig_delta_tracking_distance_b.pdf): PDF inclus
ion: multiple pdfs with page group included in a single page
> <./fig_delta_tracking_distance_b.pdf

pdfTeX warning: pdflatex (file ./fig_delta_tracking_distance_b.pdf): PDF inclus
ion: multiple pdfs with page group included in a single page
> <./fig_bidirectional.pdf

pdfTeX warning: pdflatex (file ./fig_bidirectional.pdf): PDF inclusion: multipl
e pdfs with page group included in a single page
> <./fig_bidirectional.pdf

pdfTeX warning: pdflatex (file ./fig_bidirectional.pdf): PDF inclusion: multipl
e pdfs with page group included in a single page
> <./fig_bidirectional.pdf

pdfTeX warning: pdflatex (file ./fig_bidirectional.pdf): PDF inclusion: multipl
e pdfs with page group included in a single page
> <./fig_bidirectional.pdf

pdfTeX warning: pdflatex (file ./fig_bidirectional.pdf): PDF inclusion: multipl
e pdfs with page group included in a single page
>]

LaTeX Warning: File `pyramide.png' not found on input line 376.


! Package pdftex.def Error: File `pyramide.png' not found: using draft setting.


See the pdftex.def package documentation for explanation.
Type  H <return>  for immediate help.
 ...                                              
                                                  
l.376 ...raphics[width=.8\linewidth]{pyramide.png}
                                                  
? 

Underfull \hbox (badness 10000) has occurred while \output is active
[]
 []

[7]

LaTeX Warning: File `RayCasting1.png' not found on input line 426.


! Package pdftex.def Error: File `RayCasting1.png' not found: using draft setti
ng.

See the pdftex.def package documentation for explanation.
Type  H <return>  for immediate help.
 ...                                              
                                                  
l.426 ...hics[width=.8\linewidth]{RayCasting1.png}
                                                  
? 

LaTeX Warning: Citation `Appa2015RayCF' on page 8 undefined on input line 427.

[8]

LaTeX Warning: Citation `10.1145/325165.325247' on page 9 undefined on input li
ne 436.


LaTeX Warning: Citation `haggstrom2018real' on page 9 undefined on input line 4
36.


LaTeX Warning: Citation `511' on page 9 undefined on input line 436.


LaTeX Warning: Citation `10.1145/78964.78965' on page 9 undefined on input line
 442.


LaTeX Warning: Citation `729595' on page 9 undefined on input line 455.


LaTeX Warning: File `weighted_interpolation.png' not found on input line 461.


! Package pdftex.def Error: File `weighted_interpolation.png' not found: using 
draft setting.

See the pdftex.def package documentation for explanation.
Type  H <return>  for immediate help.
 ...                                              
                                                  
l.461 ....8\linewidth]{weighted_interpolation.png}
                                                  
? 

LaTeX Warning: Citation `729595' on page 9 undefined on input line 465.


LaTeX Warning: Citation `729595' on page 9 undefined on input line 465.


LaTeX Warning: Citation `Sabella1988ARA' on page 9 undefined on input line 468.



LaTeX Warning: Citation `Upson1988VbufferVV' on page 9 undefined on input line 
468.


LaTeX Warning: Citation `10.1145/378456.378484' on page 9 undefined on input li
ne 468.


LaTeX Warning: Citation `511' on page 9 undefined on input line 468.


LaTeX Warning: Citation `10.1145/78964.78965' on page 9 undefined on input line
 468.


Underfull \hbox (badness 10000) has occurred while \output is active
[]
 []

[9]

LaTeX Warning: Citation `10.1145/147130.147155' on page 10 undefined on input l
ine 477.


LaTeX Warning: Citation `10.1145/78964.78965' on page 10 undefined on input lin
e 480.


LaTeX Warning: File `wall.png' not found on input line 486.


! Package pdftex.def Error: File `wall.png' not found: using draft setting.

See the pdftex.def package documentation for explanation.
Type  H <return>  for immediate help.
 ...                                              
                                                  
l.486 ...udegraphics[width=.8\linewidth]{wall.png}
                                                  
? 

LaTeX Warning: Citation `10.1145/97880.97886' on page 10 undefined on input lin
e 493.


LaTeX Warning: Citation `10.1145/147130.147155' on page 10 undefined on input l
ine 493.

[10]
Overfull \hbox (253.62553pt too wide) detected at line 517
[]
 []


LaTeX Warning: File `pyramide.png' not found on input line 524.


! Package pdftex.def Error: File `pyramide.png' not found: using draft setting.


See the pdftex.def package documentation for explanation.
Type  H <return>  for immediate help.
 ...                                              
                                                  
l.524 ...raphics[width=.8\linewidth]{pyramide.png}
                                                  
? 
(./paper.bbl))
Underfull \hbox (badness 10000) has occurred while \output is active
[]
 []

[11] (./paper.aux)

LaTeX Warning: There were undefined references.


LaTeX Warning: There were multiply-defined labels.

 ) 
Here is how much of TeX's memory you used:
 14246 strings out of 478287
 244860 string characters out of 5849289
 566782 words of memory out of 5000000
 32013 multiletter control sequences out of 15000+600000
 526521 words of font info for 114 fonts, out of 8000000 for 9000
 1141 hyphenation exceptions out of 8191
 94i,17n,92p,1233b,504s stack positions out of 5000i,500n,10000p,200000b,80000s
pdfTeX warning (dest): name{figure.8} has been referenced but does not exist,
 replaced by a fixed one

pdfTeX warning (dest): name{figure.7} has been referenced but does not exist, r
eplaced by a fixed one

pdfTeX warning (dest): name{figure.1} has been referenced but does not exist, r
eplaced by a fixed one

{/usr/share/texlive/texmf-dist/fonts/enc/dvips/base/8r.enc}</usr/share/texlive/
texmf-dist/fonts/type1/public/amsfonts/cmextra/cmex9.pfb></usr/share/texlive/te
xmf-dist/fonts/type1/public/amsfonts/cm/cmmi10.pfb></usr/share/texlive/texmf-di
st/fonts/type1/public/amsfonts/cm/cmr10.pfb></usr/share/texlive/texmf-dist/font
s/type1/public/amsfonts/cm/cmsy5.pfb></usr/share/texlive/texmf-dist/fonts/type1
/public/amsfonts/cm/cmsy7.pfb></usr/share/texlive/texmf-dist/fonts/type1/public
/amsfonts/cm/cmsy9.pfb></usr/share/texlive/texmf-dist/fonts/type1/public/amsfon
ts/symbols/msbm10.pfb></usr/share/texlive/texmf-dist/fonts/type1/urw/courier/uc
rr8a.pfb></usr/share/texlive/texmf-dist/fonts/type1/urw/helvetic/uhvr8a.pfb></u
sr/share/texlive/texmf-dist/fonts/type1/urw/symbol/usyr.pfb></usr/share/texlive
/texmf-dist/fonts/type1/urw/times/utmb8a.pfb></usr/share/texlive/texmf-dist/fon
ts/type1/urw/times/utmr8a.pfb></usr/share/texlive/texmf-dist/fonts/type1/urw/ti
mes/utmri8a.pfb>
Output written on paper.pdf (11 pages, 209283 bytes).
PDF statistics:
 294 PDF objects out of 1000 (max. 8388607)
 221 compressed objects within 3 object streams
 106 named destinations out of 1000 (max. 500000)
 168 words of extra memory for PDF output out of 10000 (max. 10000000)

